c:\users\ethan\source\repos\cheats\rogue_old\rogue\x64\release\vc142.pdb
c:\users\ethan\source\repos\cheats\rogue_old\rogue\x64\release\menu.obj
c:\users\ethan\source\repos\cheats\rogue_old\rogue\x64\release\main.obj
c:\users\ethan\source\repos\cheats\rogue_old\rogue\x64\release\imgui_widgets.obj
c:\users\ethan\source\repos\cheats\rogue_old\rogue\x64\release\imgui_impl_win32.obj
c:\users\ethan\source\repos\cheats\rogue_old\rogue\x64\release\imgui_impl_dx11.obj
c:\users\ethan\source\repos\cheats\rogue_old\rogue\x64\release\imgui_demo.obj
c:\users\ethan\source\repos\cheats\rogue_old\rogue\x64\release\imgui.obj
c:\users\ethan\source\repos\cheats\rogue_old\rogue\x64\release\imgui_draw.obj
c:\users\ethan\source\repos\cheats\rogue_old\x64\release\rogue.exe
c:\users\ethan\source\repos\cheats\rogue_old\x64\release\rogue.pdb
c:\users\ethan\source\repos\cheats\rogue_old\rogue\x64\release\rogue.res
c:\users\ethan\source\repos\cheats\rogue_old\rogue\x64\release\rogue.tlog\cl.command.1.tlog
c:\users\ethan\source\repos\cheats\rogue_old\rogue\x64\release\rogue.tlog\cl.read.1.tlog
c:\users\ethan\source\repos\cheats\rogue_old\rogue\x64\release\rogue.tlog\cl.write.1.tlog
c:\users\ethan\source\repos\cheats\rogue_old\rogue\x64\release\rogue.tlog\link.command.1.tlog
c:\users\ethan\source\repos\cheats\rogue_old\rogue\x64\release\rogue.tlog\link.read.1.tlog
c:\users\ethan\source\repos\cheats\rogue_old\rogue\x64\release\rogue.tlog\link.write.1.tlog
c:\users\ethan\source\repos\cheats\rogue_old\rogue\x64\release\rogue.tlog\rc.command.1.tlog
c:\users\ethan\source\repos\cheats\rogue_old\rogue\x64\release\rogue.tlog\rc.read.1.tlog
c:\users\ethan\source\repos\cheats\rogue_old\rogue\x64\release\rogue.tlog\rc.write.1.tlog
